<?xml version="1.0" encoding="UTF-8"?>
<!-- Generated by org.testng.reporters.JUnitReportReporter -->
<testsuite hostname="DESKTOP-HN0PUSP" name="base_DDF.OpenBrowser" tests="1" failures="0" timestamp="17 Jun 2018 09:26:20 GMT" time="15.736" errors="0">
  <testcase name="openBrowser" time="15.736" classname="base_DDF.OpenBrowser"/>
</testsuite> <!-- base_DDF.OpenBrowser -->
