<?xml version="1.0" encoding="UTF-8"?>
<!-- Generated by org.testng.reporters.JUnitReportReporter -->
<testsuite hostname="DESKTOP-HN0PUSP" name="TestCases.LoginTest" tests="4" failures="0" timestamp="25 Jun 2018 03:30:36 GMT" time="38.373" errors="0">
  <testcase name="Login_Orange" time="9.363" classname="TestCases.LoginTest"/>
  <testcase name="Login_Orange" time="10.370" classname="TestCases.LoginTest"/>
  <testcase name="Login_Orange" time="9.244" classname="TestCases.LoginTest"/>
  <testcase name="Login_Orange" time="9.396" classname="TestCases.LoginTest"/>
</testsuite> <!-- TestCases.LoginTest -->
