<?xml version="1.0" encoding="UTF-8"?>
<!-- Generated by org.testng.reporters.JUnitReportReporter -->
<testsuite hostname="DESKTOP-HN0PUSP" name="TestCases.OpenUrl_With_Column" tests="4" failures="0" timestamp="25 Jun 2018 03:21:41 GMT" time="102.958" errors="0">
  <testcase name="Login_Orange" time="40.339" classname="TestCases.OpenUrl_With_Column"/>
  <testcase name="Login_Orange" time="35.897" classname="TestCases.OpenUrl_With_Column"/>
  <testcase name="Login_Orange" time="12.504" classname="TestCases.OpenUrl_With_Column"/>
  <testcase name="Login_Orange" time="14.218" classname="TestCases.OpenUrl_With_Column"/>
</testsuite> <!-- TestCases.OpenUrl_With_Column -->
