<?xml version="1.0" encoding="UTF-8"?>
<!-- Generated by org.testng.reporters.JUnitReportReporter -->
<testsuite hostname="DESKTOP-HN0PUSP" name="excel_Reader_File.Readerdata_FromExcelFile" tests="1" failures="0" timestamp="23 Jun 2018 12:06:28 GMT" time="0.734" errors="0">
  <testcase name="Excel_Data_Muarge" time="0.734" classname="excel_Reader_File.Readerdata_FromExcelFile"/>
</testsuite> <!-- excel_Reader_File.Readerdata_FromExcelFile -->
