<?xml version="1.0" encoding="UTF-8"?>
<!-- Generated by org.testng.reporters.JUnitReportReporter -->
<testsuite hostname="DESKTOP-HN0PUSP" name="excel_Reader_File.ExcelApiTest" tests="1" failures="0" timestamp="23 Jun 2018 18:13:20 GMT" time="12.130" errors="0">
  <testcase name="Read_Write_Test" time="12.130" classname="excel_Reader_File.ExcelApiTest"/>
</testsuite> <!-- excel_Reader_File.ExcelApiTest -->
