<?xml version="1.0" encoding="UTF-8"?>
<!-- Generated by org.testng.reporters.JUnitReportReporter -->
<testsuite hostname="DESKTOP-HN0PUSP" name="concept_Excel.Read_Write_Concept" tests="1" failures="0" timestamp="24 Jun 2018 07:24:34 GMT" time="1.873" errors="0">
  <testcase name="read_write_test" time="1.873" classname="concept_Excel.Read_Write_Concept"/>
</testsuite> <!-- concept_Excel.Read_Write_Concept -->
